<?xml version="1.0" encoding="UTF-8"?>
<testng-results ignored="0" total="1" passed="1" failed="0" skipped="0">
  <reporter-output>
  </reporter-output>
  <suite started-at="2022-04-02T21:49:31 IST" name="Default suite" finished-at="2022-04-02T21:49:34 IST" duration-ms="2835">
    <groups>
    </groups>
    <test started-at="2022-04-02T21:49:31 IST" name="Default test" finished-at="2022-04-02T21:49:34 IST" duration-ms="2835">
      <class name="testcases.loginsaucedemo">
        <test-method signature="login(java.lang.String,java.lang.String)[pri:0, instance:testcases.loginsaucedemo@14555e0a]" started-at="2022-04-02T21:49:31 IST" name="login" data-provider="getdata" finished-at="2022-04-02T21:49:34 IST" duration-ms="2802" status="PASS">
          <params>
            <param index="0">
              <value>
                <![CDATA[standard_user]]>
              </value>
            </param>
            <param index="1">
              <value>
                <![CDATA[secret_sauce]]>
              </value>
            </param>
          </params>
          <reporter-output>
          </reporter-output>
        </test-method> <!-- login -->
      </class> <!-- testcases.loginsaucedemo -->
    </test> <!-- Default test -->
  </suite> <!-- Default suite -->
</testng-results>
